<?xml version="1.0" encoding="UTF-8"?>
<!-- Generated by org.testng.reporters.JUnitReportReporter -->
<testsuite hostname="DESKTOP-G7PFDHC" failures="0" tests="3" name="testcase.HomePagetest" time="7.495" errors="0" timestamp="2024-02-22T11:06:42 IST" skipped="0">
  <testcase classname="testcase.HomePagetest" name="start_browser" time="7.179"/>
  <system-out/>
  <testcase classname="testcase.HomePagetest" name="test_getURL_method" time="0.020"/>
  <system-out/>
  <testcase classname="testcase.HomePagetest" name="test_registerlink_method" time="0.296"/>
  <system-out/>
</testsuite> <!-- testcase.HomePagetest -->
