<?xml version="1.0" encoding="UTF-8"?>
<!-- Generated by org.testng.reporters.JUnitReportReporter -->
<testsuite hostname="DESKTOP-G7PFDHC" failures="0" tests="3" name="testcase.registerpagetest" time="2.402" errors="0" timestamp="2024-02-22T10:19:10 IST" skipped="0">
  <testcase classname="testcase.registerpagetest" name="clickregisterlink" time="1.261"/>
  <system-out/>
  <testcase classname="testcase.registerpagetest" name="test_registeruser" time="1.107"/>
  <system-out/>
  <testcase classname="testcase.registerpagetest" name="testurl" time="0.034"/>
  <system-out/>
</testsuite> <!-- testcase.registerpagetest -->
